<?xml version="1.0" encoding="UTF-8"?>
<testng-results skipped="0" failed="0" total="1" passed="1">
  <reporter-output>
    <line>
      <![CDATA[User clicked  on service link]]>
    </line>
    <line>
      <![CDATA[User clicked on Reserve train schedule link]]>
    </line>
  </reporter-output>
  <suite name="Surefire suite" duration-ms="17813" started-at="2018-02-09T08:43:27Z" finished-at="2018-02-09T08:43:45Z">
    <groups>
      <group name="cucumber">
        <method signature="AbstractTestNGCucumberTests.feature(cucumber.api.testng.CucumberFeatureWrapper)[pri:0, instance:CucumberTestrunner.TestRunner@7ca48474]" name="feature" class="cucumber.api.testng.AbstractTestNGCucumberTests"/>
      </group> <!-- cucumber -->
    </groups>
    <test name="Surefire test" duration-ms="17813" started-at="2018-02-09T08:43:27Z" finished-at="2018-02-09T08:43:45Z">
      <class name="CucumberTestrunner.TestRunner">
        <test-method status="PASS" signature="setUpClass()[pri:0, instance:CucumberTestrunner.TestRunner@7ca48474]" name="setUpClass" is-config="true" duration-ms="189" started-at="2018-02-09T14:13:28Z" finished-at="2018-02-09T14:13:28Z">
          <reporter-output>
          </reporter-output>
        </test-method> <!-- setUpClass -->
        <test-method status="PASS" signature="feature(cucumber.api.testng.CucumberFeatureWrapper)[pri:0, instance:CucumberTestrunner.TestRunner@7ca48474]" name="feature" duration-ms="17553" started-at="2018-02-09T14:13:28Z" description="Runs Cucumber Feature" data-provider="features" finished-at="2018-02-09T14:13:45Z">
          <params>
            <param index="0">
              <value>
                <![CDATA[Defines what feature you will be testing in the tests below]]>
              </value>
            </param>
          </params>
          <reporter-output>
            <line>
              <![CDATA[User clicked  on service link]]>
            </line>
            <line>
              <![CDATA[User clicked on Reserve train schedule link]]>
            </line>
          </reporter-output>
        </test-method> <!-- feature -->
        <test-method status="PASS" signature="tearDownClass()[pri:0, instance:CucumberTestrunner.TestRunner@7ca48474]" name="tearDownClass" is-config="true" duration-ms="4" started-at="2018-02-09T14:13:45Z" finished-at="2018-02-09T14:13:45Z">
          <reporter-output>
          </reporter-output>
        </test-method> <!-- tearDownClass -->
      </class> <!-- CucumberTestrunner.TestRunner -->
    </test> <!-- Surefire test -->
  </suite> <!-- Surefire suite -->
</testng-results>
